Using pre-set license
Built from '2021.1/release' branch; Version is '2021.1.0f1 (61a549675243) revision 6399305'; Using compiler version '192528614'; Build Type 'Release'
OS: 'Windows 10 Home Single Language; OS build 19042.1387; Version 2009; 64bit' Language: 'en' Physical Memory: 4016 MB
BatchMode: 1, IsHumanControllingUs: 0, StartBugReporterOnCrash: 0, Is64bit: 1, IsPro: 0

 COMMAND LINE ARGUMENTS:
C:\Program Files\Unity\Hub\Editor\2021.1.0f1\Editor\Unity.exe
-adb2
-batchMode
-noUpm
-name
AssetImportWorker0
-projectPath
E:/Unity/Projects/Water Phase
-logFile
Logs/AssetImportWorker0.log
-srvPort
62527
Successfully changed project path to: E:/Unity/Projects/Water Phase
E:/Unity/Projects/Water Phase
Using Asset Import Pipeline V2.
Refreshing native plugins compatible for Editor in 177.77 ms, found 2 plugins.
Preloading 0 native plugins for Editor in 0.00 ms.
Initialize engine version: 2021.1.0f1 (61a549675243)
[Subsystems] Discovering subsystems at path C:/Program Files/Unity/Hub/Editor/2021.1.0f1/Editor/Data/Resources/UnitySubsystems
[Subsystems] Discovering subsystems at path E:/Unity/Projects/Water Phase/Assets
GfxDevice: creating device client; threaded=0; jobified=0
Direct3D:
    Version:  Direct3D 11.0 [level 11.1]
    Renderer: Intel(R) HD Graphics 5500 (ID=0x1616)
    Vendor:   Intel
    VRAM:     2008 MB
    Driver:   20.19.15.4703
Initialize mono
Mono path[0] = 'C:/Program Files/Unity/Hub/Editor/2021.1.0f1/Editor/Data/Managed'
Mono path[1] = 'C:/Program Files/Unity/Hub/Editor/2021.1.0f1/Editor/Data/MonoBleedingEdge/lib/mono/unityjit'
Mono config path = 'C:/Program Files/Unity/Hub/Editor/2021.1.0f1/Editor/Data/MonoBleedingEdge/etc'
Using monoOptions --debugger-agent=transport=dt_socket,embedding=1,server=y,suspend=n,address=127.0.0.1:56556
Begin MonoManager ReloadAssembly
Registering precompiled unity dll's ...
Register platform support module: C:/Program Files/Unity/Hub/Editor/2021.1.0f1/Editor/Data/PlaybackEngines/WindowsStandaloneSupport/UnityEditor.WindowsStandalone.Extensions.dll
Registered in 0.013938 seconds.
Native extension for WindowsStandalone target not found
Refreshing native plugins compatible for Editor in 185.30 ms, found 2 plugins.
Preloading 0 native plugins for Editor in 0.00 ms.
Mono: successfully reloaded assembly
- Completed reload, in  5.839 seconds
Platform modules already initialized, skipping
Registering precompiled user dll's ...
Registered in 0.005291 seconds.
Begin MonoManager ReloadAssembly
Native extension for WindowsStandalone target not found
Refreshing native plugins compatible for Editor in 184.38 ms, found 2 plugins.
Preloading 0 native plugins for Editor in 0.00 ms.
Mono: successfully reloaded assembly
- Completed reload, in  2.500 seconds
Platform modules already initialized, skipping
========================================================================
Worker process is ready to serve import requests
Launched and connected shader compiler UnityShaderCompiler.exe after 0.07 seconds
Refreshing native plugins compatible for Editor in 1.51 ms, found 2 plugins.
Preloading 0 native plugins for Editor in 0.00 ms.
Unloading 3382 Unused Serialized files (Serialized files now loaded: 0)
System memory in use before: 129.4 MB.
System memory in use after: 129.5 MB.

Unloading 29 unused Assets to reduce memory usage. Loaded Objects now: 3834.
Total: 4.004300 ms (FindLiveObjects: 0.349600 ms CreateObjectMapping: 0.229500 ms MarkObjects: 3.227300 ms  DeleteObjects: 0.196100 ms)

========================================================================
Received Import Request.
  path: Assets/Script/AnimateMolecule.cs
  artifactKey: Guid(0ebaf9cc0a0b85949a13d0e8aa632ae3) Importer(815301076,1909f56bfc062723c751e8b465ee728b)
Start importing Assets/Script/AnimateMolecule.cs using Guid(0ebaf9cc0a0b85949a13d0e8aa632ae3) Importer(815301076,1909f56bfc062723c751e8b465ee728b)  -> (artifact id: 'd4c20b6d0990a5fb6e69e15394f26313') in 0.197315 seconds 
========================================================================
Received Prepare
Registering precompiled user dll's ...
Registered in 0.008151 seconds.
Begin MonoManager ReloadAssembly
Native extension for WindowsStandalone target not found
Refreshing native plugins compatible for Editor in 1.18 ms, found 2 plugins.
Preloading 0 native plugins for Editor in 0.00 ms.
Mono: successfully reloaded assembly
- Completed reload, in  5.037 seconds
Platform modules already initialized, skipping
Refreshing native plugins compatible for Editor in 1.89 ms, found 2 plugins.
Preloading 0 native plugins for Editor in 0.00 ms.
Unloading 3364 Unused Serialized files (Serialized files now loaded: 0)
System memory in use before: 128.4 MB.
System memory in use after: 128.5 MB.

Unloading 17 unused Assets to reduce memory usage. Loaded Objects now: 3838.
Total: 14.354500 ms (FindLiveObjects: 5.563200 ms CreateObjectMapping: 1.230700 ms MarkObjects: 7.316700 ms  DeleteObjects: 0.239500 ms)

========================================================================
Received Import Request.
  Time since last request: 186.216383 seconds.
  path: Assets/Script/MagnifiedViewPanel.cs
  artifactKey: Guid(6c0f63d8d2fb1ee4a8a275838d76b384) Importer(815301076,1909f56bfc062723c751e8b465ee728b)
Start importing Assets/Script/MagnifiedViewPanel.cs using Guid(6c0f63d8d2fb1ee4a8a275838d76b384) Importer(815301076,1909f56bfc062723c751e8b465ee728b)  -> (artifact id: '28e50ebafa1847bcfe0fba2cefe7a090') in 0.014520 seconds 
========================================================================
Received Import Request.
  Time since last request: 7.323106 seconds.
  path: Assets/Script/ViewPanel.cs
  artifactKey: Guid(6c0f63d8d2fb1ee4a8a275838d76b384) Importer(815301076,1909f56bfc062723c751e8b465ee728b)
Start importing Assets/Script/ViewPanel.cs using Guid(6c0f63d8d2fb1ee4a8a275838d76b384) Importer(815301076,1909f56bfc062723c751e8b465ee728b)  -> (artifact id: '386038a0cb98dbcab815bc227e72c647') in 0.016317 seconds 
========================================================================
Received Prepare
Registering precompiled user dll's ...
Registered in 0.007209 seconds.
Begin MonoManager ReloadAssembly
Native extension for WindowsStandalone target not found
Refreshing native plugins compatible for Editor in 1.45 ms, found 2 plugins.
Preloading 0 native plugins for Editor in 0.00 ms.
Mono: successfully reloaded assembly
- Completed reload, in  2.460 seconds
Platform modules already initialized, skipping
Refreshing native plugins compatible for Editor in 1.83 ms, found 2 plugins.
Preloading 0 native plugins for Editor in 0.00 ms.
Unloading 3364 Unused Serialized files (Serialized files now loaded: 0)
System memory in use before: 128.5 MB.
System memory in use after: 128.6 MB.

Unloading 17 unused Assets to reduce memory usage. Loaded Objects now: 3842.
Total: 4.314600 ms (FindLiveObjects: 0.354500 ms CreateObjectMapping: 0.232000 ms MarkObjects: 3.562000 ms  DeleteObjects: 0.164200 ms)

========================================================================
Received Import Request.
  Time since last request: 38.466979 seconds.
  path: Assets/Script/MagnifyingGlass.cs
  artifactKey: Guid(d1c1985e07e48184eaffdfbd2e5968ac) Importer(815301076,1909f56bfc062723c751e8b465ee728b)
Start importing Assets/Script/MagnifyingGlass.cs using Guid(d1c1985e07e48184eaffdfbd2e5968ac) Importer(815301076,1909f56bfc062723c751e8b465ee728b)  -> (artifact id: '7d7435fb9959fe0dd879a964e2d3b8d3') in 0.013066 seconds 
========================================================================
Received Import Request.
  Time since last request: 17.591605 seconds.
  path: Assets/Script/MagGlass.cs
  artifactKey: Guid(d1c1985e07e48184eaffdfbd2e5968ac) Importer(815301076,1909f56bfc062723c751e8b465ee728b)
Start importing Assets/Script/MagGlass.cs using Guid(d1c1985e07e48184eaffdfbd2e5968ac) Importer(815301076,1909f56bfc062723c751e8b465ee728b)  -> (artifact id: '9dcfe71760c1155e51da13a987f4dd51') in 0.019231 seconds 
========================================================================
Received Prepare
Registering precompiled user dll's ...
Registered in 0.005176 seconds.
Begin MonoManager ReloadAssembly
Native extension for WindowsStandalone target not found
Refreshing native plugins compatible for Editor in 0.91 ms, found 2 plugins.
Preloading 0 native plugins for Editor in 0.00 ms.
Mono: successfully reloaded assembly
- Completed reload, in  2.725 seconds
Platform modules already initialized, skipping
Refreshing native plugins compatible for Editor in 1.77 ms, found 2 plugins.
Preloading 0 native plugins for Editor in 0.00 ms.
Unloading 3364 Unused Serialized files (Serialized files now loaded: 0)
System memory in use before: 128.5 MB.
System memory in use after: 128.6 MB.

Unloading 17 unused Assets to reduce memory usage. Loaded Objects now: 3846.
Total: 7.469900 ms (FindLiveObjects: 0.667900 ms CreateObjectMapping: 0.411600 ms MarkObjects: 6.095500 ms  DeleteObjects: 0.291200 ms)

========================================================================
Received Prepare
Registering precompiled user dll's ...
Registered in 0.005155 seconds.
Begin MonoManager ReloadAssembly
Native extension for WindowsStandalone target not found
Refreshing native plugins compatible for Editor in 0.95 ms, found 2 plugins.
Preloading 0 native plugins for Editor in 0.00 ms.
Mono: successfully reloaded assembly
- Completed reload, in  2.681 seconds
Platform modules already initialized, skipping
Refreshing native plugins compatible for Editor in 1.68 ms, found 2 plugins.
Preloading 0 native plugins for Editor in 0.00 ms.
Unloading 3364 Unused Serialized files (Serialized files now loaded: 0)
System memory in use before: 128.5 MB.
System memory in use after: 128.6 MB.

Unloading 17 unused Assets to reduce memory usage. Loaded Objects now: 3850.
Total: 4.039200 ms (FindLiveObjects: 0.360700 ms CreateObjectMapping: 0.226800 ms MarkObjects: 3.297500 ms  DeleteObjects: 0.152500 ms)

========================================================================
Received Import Request.
  Time since last request: 45.318242 seconds.
  path: Assets/Script/MagGlass.cs
  artifactKey: Guid(d1c1985e07e48184eaffdfbd2e5968ac) Importer(815301076,1909f56bfc062723c751e8b465ee728b)
Start importing Assets/Script/MagGlass.cs using Guid(d1c1985e07e48184eaffdfbd2e5968ac) Importer(815301076,1909f56bfc062723c751e8b465ee728b)  -> (artifact id: 'db0c201d108c5e2e240cb4abfd4e7a98') in 0.008953 seconds 
========================================================================
Received Prepare
Registering precompiled user dll's ...
Registered in 0.005336 seconds.
Begin MonoManager ReloadAssembly
Native extension for WindowsStandalone target not found
Refreshing native plugins compatible for Editor in 0.91 ms, found 2 plugins.
Preloading 0 native plugins for Editor in 0.00 ms.
Mono: successfully reloaded assembly
- Completed reload, in  2.427 seconds
Platform modules already initialized, skipping
Refreshing native plugins compatible for Editor in 1.61 ms, found 2 plugins.
Preloading 0 native plugins for Editor in 0.00 ms.
Unloading 3364 Unused Serialized files (Serialized files now loaded: 0)
System memory in use before: 128.6 MB.
System memory in use after: 128.7 MB.

Unloading 17 unused Assets to reduce memory usage. Loaded Objects now: 3854.
Total: 5.640900 ms (FindLiveObjects: 0.740500 ms CreateObjectMapping: 0.447800 ms MarkObjects: 4.294300 ms  DeleteObjects: 0.156000 ms)

========================================================================
Received Prepare
Registering precompiled user dll's ...
Registered in 0.005165 seconds.
Begin MonoManager ReloadAssembly
Native extension for WindowsStandalone target not found
Refreshing native plugins compatible for Editor in 1.11 ms, found 2 plugins.
Preloading 0 native plugins for Editor in 0.00 ms.
Mono: successfully reloaded assembly
- Completed reload, in  2.195 seconds
Platform modules already initialized, skipping
Refreshing native plugins compatible for Editor in 1.74 ms, found 2 plugins.
Preloading 0 native plugins for Editor in 0.00 ms.
Unloading 3364 Unused Serialized files (Serialized files now loaded: 0)
System memory in use before: 128.6 MB.
System memory in use after: 128.7 MB.

Unloading 17 unused Assets to reduce memory usage. Loaded Objects now: 3858.
Total: 4.277800 ms (FindLiveObjects: 0.450600 ms CreateObjectMapping: 0.391900 ms MarkObjects: 3.269100 ms  DeleteObjects: 0.164600 ms)

========================================================================
Received Prepare
Registering precompiled user dll's ...
Registered in 0.008274 seconds.
Begin MonoManager ReloadAssembly
Native extension for WindowsStandalone target not found
Refreshing native plugins compatible for Editor in 1.64 ms, found 2 plugins.
Preloading 0 native plugins for Editor in 0.00 ms.
Mono: successfully reloaded assembly
- Completed reload, in  2.712 seconds
Platform modules already initialized, skipping
Refreshing native plugins compatible for Editor in 1.77 ms, found 2 plugins.
Preloading 0 native plugins for Editor in 0.00 ms.
Unloading 3364 Unused Serialized files (Serialized files now loaded: 0)
System memory in use before: 128.6 MB.
System memory in use after: 128.7 MB.

Unloading 17 unused Assets to reduce memory usage. Loaded Objects now: 3862.
Total: 4.002300 ms (FindLiveObjects: 0.344600 ms CreateObjectMapping: 0.224300 ms MarkObjects: 3.185000 ms  DeleteObjects: 0.245100 ms)

========================================================================
Received Prepare
Registering precompiled user dll's ...
Registered in 0.005470 seconds.
Begin MonoManager ReloadAssembly
Native extension for WindowsStandalone target not found
Refreshing native plugins compatible for Editor in 1.40 ms, found 2 plugins.
Preloading 0 native plugins for Editor in 0.00 ms.
Mono: successfully reloaded assembly
- Completed reload, in  2.750 seconds
Platform modules already initialized, skipping
Refreshing native plugins compatible for Editor in 1.77 ms, found 2 plugins.
Preloading 0 native plugins for Editor in 0.00 ms.
Unloading 3364 Unused Serialized files (Serialized files now loaded: 0)
System memory in use before: 128.6 MB.
System memory in use after: 128.7 MB.

Unloading 17 unused Assets to reduce memory usage. Loaded Objects now: 3866.
Total: 3.809700 ms (FindLiveObjects: 0.421100 ms CreateObjectMapping: 0.237100 ms MarkObjects: 2.999400 ms  DeleteObjects: 0.150100 ms)

========================================================================
Received Prepare
Registering precompiled user dll's ...
Registered in 0.007889 seconds.
Begin MonoManager ReloadAssembly
Native extension for WindowsStandalone target not found
Refreshing native plugins compatible for Editor in 1.06 ms, found 2 plugins.
Preloading 0 native plugins for Editor in 0.00 ms.
Mono: successfully reloaded assembly
- Completed reload, in  2.901 seconds
Platform modules already initialized, skipping
Refreshing native plugins compatible for Editor in 1.97 ms, found 2 plugins.
Preloading 0 native plugins for Editor in 0.00 ms.
Unloading 3364 Unused Serialized files (Serialized files now loaded: 0)
System memory in use before: 128.6 MB.
System memory in use after: 128.7 MB.

Unloading 17 unused Assets to reduce memory usage. Loaded Objects now: 3870.
Total: 6.306200 ms (FindLiveObjects: 0.755200 ms CreateObjectMapping: 0.497600 ms MarkObjects: 4.859500 ms  DeleteObjects: 0.190900 ms)

========================================================================
Received Prepare
Registering precompiled user dll's ...
Registered in 0.005802 seconds.
Begin MonoManager ReloadAssembly
Native extension for WindowsStandalone target not found
Refreshing native plugins compatible for Editor in 0.99 ms, found 2 plugins.
Preloading 0 native plugins for Editor in 0.00 ms.
Mono: successfully reloaded assembly
- Completed reload, in  2.770 seconds
Platform modules already initialized, skipping
Refreshing native plugins compatible for Editor in 1.72 ms, found 2 plugins.
Preloading 0 native plugins for Editor in 0.00 ms.
Unloading 3364 Unused Serialized files (Serialized files now loaded: 0)
System memory in use before: 128.6 MB.
System memory in use after: 128.7 MB.

Unloading 17 unused Assets to reduce memory usage. Loaded Objects now: 3874.
Total: 3.930800 ms (FindLiveObjects: 0.466000 ms CreateObjectMapping: 0.256400 ms MarkObjects: 3.024400 ms  DeleteObjects: 0.182100 ms)

========================================================================
Received Prepare
Registering precompiled user dll's ...
Registered in 0.008342 seconds.
Begin MonoManager ReloadAssembly
Native extension for WindowsStandalone target not found
Refreshing native plugins compatible for Editor in 2.08 ms, found 2 plugins.
Preloading 0 native plugins for Editor in 0.00 ms.
Mono: successfully reloaded assembly
- Completed reload, in  2.932 seconds
Platform modules already initialized, skipping
Refreshing native plugins compatible for Editor in 1.84 ms, found 2 plugins.
Preloading 0 native plugins for Editor in 0.00 ms.
Unloading 3364 Unused Serialized files (Serialized files now loaded: 0)
System memory in use before: 128.6 MB.
System memory in use after: 128.7 MB.

Unloading 17 unused Assets to reduce memory usage. Loaded Objects now: 3878.
Total: 4.312700 ms (FindLiveObjects: 0.592100 ms CreateObjectMapping: 0.378700 ms MarkObjects: 3.174800 ms  DeleteObjects: 0.164600 ms)

========================================================================
Received Prepare
Registering precompiled user dll's ...
Registered in 0.005438 seconds.
Begin MonoManager ReloadAssembly
Native extension for WindowsStandalone target not found
Refreshing native plugins compatible for Editor in 0.96 ms, found 2 plugins.
Preloading 0 native plugins for Editor in 0.00 ms.
Mono: successfully reloaded assembly
- Completed reload, in  2.412 seconds
Platform modules already initialized, skipping
Refreshing native plugins compatible for Editor in 1.74 ms, found 2 plugins.
Preloading 0 native plugins for Editor in 0.00 ms.
Unloading 3364 Unused Serialized files (Serialized files now loaded: 0)
System memory in use before: 128.6 MB.
System memory in use after: 128.7 MB.

Unloading 17 unused Assets to reduce memory usage. Loaded Objects now: 3882.
Total: 4.092500 ms (FindLiveObjects: 0.350000 ms CreateObjectMapping: 0.227100 ms MarkObjects: 3.362100 ms  DeleteObjects: 0.151800 ms)

========================================================================
Received Prepare
Registering precompiled user dll's ...
Registered in 0.006822 seconds.
Begin MonoManager ReloadAssembly
Native extension for WindowsStandalone target not found
Refreshing native plugins compatible for Editor in 0.91 ms, found 2 plugins.
Preloading 0 native plugins for Editor in 0.00 ms.
Mono: successfully reloaded assembly
- Completed reload, in  2.505 seconds
Platform modules already initialized, skipping
Refreshing native plugins compatible for Editor in 3.22 ms, found 2 plugins.
Preloading 0 native plugins for Editor in 0.00 ms.
Unloading 3364 Unused Serialized files (Serialized files now loaded: 0)
System memory in use before: 128.6 MB.
System memory in use after: 128.7 MB.

Unloading 17 unused Assets to reduce memory usage. Loaded Objects now: 3886.
Total: 3.957100 ms (FindLiveObjects: 0.429600 ms CreateObjectMapping: 0.236200 ms MarkObjects: 3.139700 ms  DeleteObjects: 0.149700 ms)

========================================================================
Received Prepare
Registering precompiled user dll's ...
Registered in 0.005186 seconds.
Begin MonoManager ReloadAssembly
Native extension for WindowsStandalone target not found
Refreshing native plugins compatible for Editor in 0.90 ms, found 2 plugins.
Preloading 0 native plugins for Editor in 0.00 ms.
Mono: successfully reloaded assembly
- Completed reload, in  2.027 seconds
Platform modules already initialized, skipping
Refreshing native plugins compatible for Editor in 1.79 ms, found 2 plugins.
Preloading 0 native plugins for Editor in 0.00 ms.
Unloading 3364 Unused Serialized files (Serialized files now loaded: 0)
System memory in use before: 128.6 MB.
System memory in use after: 128.7 MB.

Unloading 17 unused Assets to reduce memory usage. Loaded Objects now: 3890.
Total: 4.149800 ms (FindLiveObjects: 0.455300 ms CreateObjectMapping: 0.233000 ms MarkObjects: 3.301000 ms  DeleteObjects: 0.158400 ms)

========================================================================
Received Prepare
Registering precompiled user dll's ...
Registered in 0.009420 seconds.
Begin MonoManager ReloadAssembly
Native extension for WindowsStandalone target not found
Refreshing native plugins compatible for Editor in 1.54 ms, found 2 plugins.
Preloading 0 native plugins for Editor in 0.00 ms.
Mono: successfully reloaded assembly
- Completed reload, in  2.474 seconds
Platform modules already initialized, skipping
Refreshing native plugins compatible for Editor in 1.72 ms, found 2 plugins.
Preloading 0 native plugins for Editor in 0.00 ms.
Unloading 3364 Unused Serialized files (Serialized files now loaded: 0)
System memory in use before: 128.6 MB.
System memory in use after: 128.8 MB.

Unloading 17 unused Assets to reduce memory usage. Loaded Objects now: 3894.
Total: 4.597600 ms (FindLiveObjects: 0.459000 ms CreateObjectMapping: 0.385800 ms MarkObjects: 3.587900 ms  DeleteObjects: 0.163100 ms)

========================================================================
Received Prepare
Registering precompiled user dll's ...
Registered in 0.007924 seconds.
Begin MonoManager ReloadAssembly
Native extension for WindowsStandalone target not found
Refreshing native plugins compatible for Editor in 0.91 ms, found 2 plugins.
Preloading 0 native plugins for Editor in 0.00 ms.
Mono: successfully reloaded assembly
- Completed reload, in  2.650 seconds
Platform modules already initialized, skipping
Refreshing native plugins compatible for Editor in 1.50 ms, found 2 plugins.
Preloading 0 native plugins for Editor in 0.00 ms.
Unloading 3364 Unused Serialized files (Serialized files now loaded: 0)
System memory in use before: 128.6 MB.
System memory in use after: 128.8 MB.

Unloading 17 unused Assets to reduce memory usage. Loaded Objects now: 3898.
Total: 4.249700 ms (FindLiveObjects: 0.520800 ms CreateObjectMapping: 0.372800 ms MarkObjects: 3.188400 ms  DeleteObjects: 0.165800 ms)

========================================================================
Received Prepare
Registering precompiled user dll's ...
Registered in 0.005101 seconds.
Begin MonoManager ReloadAssembly
Native extension for WindowsStandalone target not found
Refreshing native plugins compatible for Editor in 0.91 ms, found 2 plugins.
Preloading 0 native plugins for Editor in 0.00 ms.
Mono: successfully reloaded assembly
- Completed reload, in  2.161 seconds
Platform modules already initialized, skipping
Refreshing native plugins compatible for Editor in 1.62 ms, found 2 plugins.
Preloading 0 native plugins for Editor in 0.00 ms.
Unloading 3364 Unused Serialized files (Serialized files now loaded: 0)
System memory in use before: 128.7 MB.
System memory in use after: 128.8 MB.

Unloading 17 unused Assets to reduce memory usage. Loaded Objects now: 3902.
Total: 4.021800 ms (FindLiveObjects: 0.448700 ms CreateObjectMapping: 0.269900 ms MarkObjects: 3.143900 ms  DeleteObjects: 0.157400 ms)

========================================================================
Received Prepare
Registering precompiled user dll's ...
Registered in 0.005935 seconds.
Begin MonoManager ReloadAssembly
Native extension for WindowsStandalone target not found
Refreshing native plugins compatible for Editor in 0.99 ms, found 2 plugins.
Preloading 0 native plugins for Editor in 0.00 ms.
Mono: successfully reloaded assembly
- Completed reload, in  2.495 seconds
Platform modules already initialized, skipping
Refreshing native plugins compatible for Editor in 7.58 ms, found 2 plugins.
Preloading 0 native plugins for Editor in 0.00 ms.
Unloading 3364 Unused Serialized files (Serialized files now loaded: 0)
System memory in use before: 128.7 MB.
System memory in use after: 128.8 MB.

Unloading 17 unused Assets to reduce memory usage. Loaded Objects now: 3906.
Total: 27.735000 ms (FindLiveObjects: 0.773400 ms CreateObjectMapping: 0.506600 ms MarkObjects: 26.238900 ms  DeleteObjects: 0.212200 ms)

========================================================================
Received Prepare
Registering precompiled user dll's ...
Registered in 0.005461 seconds.
Begin MonoManager ReloadAssembly
Native extension for WindowsStandalone target not found
Refreshing native plugins compatible for Editor in 0.92 ms, found 2 plugins.
Preloading 0 native plugins for Editor in 0.00 ms.
Mono: successfully reloaded assembly
- Completed reload, in  2.702 seconds
Platform modules already initialized, skipping
Refreshing native plugins compatible for Editor in 1.81 ms, found 2 plugins.
Preloading 0 native plugins for Editor in 0.00 ms.
Unloading 3364 Unused Serialized files (Serialized files now loaded: 0)
System memory in use before: 128.7 MB.
System memory in use after: 128.8 MB.

Unloading 17 unused Assets to reduce memory usage. Loaded Objects now: 3910.
Total: 7.560100 ms (FindLiveObjects: 0.553600 ms CreateObjectMapping: 0.326400 ms MarkObjects: 6.155200 ms  DeleteObjects: 0.521300 ms)

========================================================================
Received Prepare
Registering precompiled user dll's ...
Registered in 0.005597 seconds.
Begin MonoManager ReloadAssembly
Native extension for WindowsStandalone target not found
Refreshing native plugins compatible for Editor in 0.93 ms, found 2 plugins.
Preloading 0 native plugins for Editor in 0.00 ms.
Mono: successfully reloaded assembly
- Completed reload, in  2.205 seconds
Platform modules already initialized, skipping
Refreshing native plugins compatible for Editor in 1.54 ms, found 2 plugins.
Preloading 0 native plugins for Editor in 0.00 ms.
Unloading 3364 Unused Serialized files (Serialized files now loaded: 0)
System memory in use before: 128.7 MB.
System memory in use after: 128.8 MB.

Unloading 17 unused Assets to reduce memory usage. Loaded Objects now: 3914.
Total: 4.624100 ms (FindLiveObjects: 0.479600 ms CreateObjectMapping: 0.385900 ms MarkObjects: 3.595000 ms  DeleteObjects: 0.161400 ms)

========================================================================
Received Prepare
Registering precompiled user dll's ...
Registered in 0.007307 seconds.
Begin MonoManager ReloadAssembly
Native extension for WindowsStandalone target not found
Refreshing native plugins compatible for Editor in 1.02 ms, found 2 plugins.
Preloading 0 native plugins for Editor in 0.00 ms.
Mono: successfully reloaded assembly
- Completed reload, in  2.585 seconds
Platform modules already initialized, skipping
Refreshing native plugins compatible for Editor in 1.85 ms, found 2 plugins.
Preloading 0 native plugins for Editor in 0.00 ms.
Unloading 3364 Unused Serialized files (Serialized files now loaded: 0)
System memory in use before: 128.7 MB.
System memory in use after: 128.8 MB.

Unloading 17 unused Assets to reduce memory usage. Loaded Objects now: 3918.
Total: 4.089000 ms (FindLiveObjects: 0.354700 ms CreateObjectMapping: 0.227400 ms MarkObjects: 3.337900 ms  DeleteObjects: 0.166700 ms)

========================================================================
Received Prepare
Registering precompiled user dll's ...
Registered in 0.005386 seconds.
Begin MonoManager ReloadAssembly
Native extension for WindowsStandalone target not found
Refreshing native plugins compatible for Editor in 1.49 ms, found 2 plugins.
Preloading 0 native plugins for Editor in 0.00 ms.
Mono: successfully reloaded assembly
- Completed reload, in  2.477 seconds
Platform modules already initialized, skipping
Refreshing native plugins compatible for Editor in 1.72 ms, found 2 plugins.
Preloading 0 native plugins for Editor in 0.00 ms.
Unloading 3364 Unused Serialized files (Serialized files now loaded: 0)
System memory in use before: 128.7 MB.
System memory in use after: 128.8 MB.

Unloading 17 unused Assets to reduce memory usage. Loaded Objects now: 3922.
Total: 5.323700 ms (FindLiveObjects: 0.731100 ms CreateObjectMapping: 0.459000 ms MarkObjects: 3.891900 ms  DeleteObjects: 0.238900 ms)

========================================================================
Received Prepare
Registering precompiled user dll's ...
Registered in 0.005403 seconds.
Begin MonoManager ReloadAssembly
Native extension for WindowsStandalone target not found
Refreshing native plugins compatible for Editor in 0.89 ms, found 2 plugins.
Preloading 0 native plugins for Editor in 0.00 ms.
Mono: successfully reloaded assembly
- Completed reload, in  2.162 seconds
Platform modules already initialized, skipping
Refreshing native plugins compatible for Editor in 2.88 ms, found 2 plugins.
Preloading 0 native plugins for Editor in 0.00 ms.
Unloading 3364 Unused Serialized files (Serialized files now loaded: 0)
System memory in use before: 128.7 MB.
System memory in use after: 128.8 MB.

Unloading 17 unused Assets to reduce memory usage. Loaded Objects now: 3926.
Total: 4.311400 ms (FindLiveObjects: 0.463500 ms CreateObjectMapping: 0.376400 ms MarkObjects: 3.260500 ms  DeleteObjects: 0.208300 ms)

========================================================================
Received Prepare
Registering precompiled user dll's ...
Registered in 0.005233 seconds.
Begin MonoManager ReloadAssembly
Native extension for WindowsStandalone target not found
Refreshing native plugins compatible for Editor in 0.96 ms, found 2 plugins.
Preloading 0 native plugins for Editor in 0.00 ms.
Mono: successfully reloaded assembly
- Completed reload, in  2.048 seconds
Platform modules already initialized, skipping
Refreshing native plugins compatible for Editor in 1.37 ms, found 2 plugins.
Preloading 0 native plugins for Editor in 0.00 ms.
Unloading 3364 Unused Serialized files (Serialized files now loaded: 0)
System memory in use before: 128.7 MB.
System memory in use after: 128.8 MB.

Unloading 17 unused Assets to reduce memory usage. Loaded Objects now: 3930.
Total: 3.947700 ms (FindLiveObjects: 0.351100 ms CreateObjectMapping: 0.225100 ms MarkObjects: 3.187100 ms  DeleteObjects: 0.183200 ms)

========================================================================
Received Prepare
Registering precompiled user dll's ...
Registered in 0.005290 seconds.
Begin MonoManager ReloadAssembly
Native extension for WindowsStandalone target not found
Refreshing native plugins compatible for Editor in 1.46 ms, found 2 plugins.
Preloading 0 native plugins for Editor in 0.00 ms.
Mono: successfully reloaded assembly
- Completed reload, in  2.278 seconds
Platform modules already initialized, skipping
Refreshing native plugins compatible for Editor in 1.66 ms, found 2 plugins.
Preloading 0 native plugins for Editor in 0.00 ms.
Unloading 3364 Unused Serialized files (Serialized files now loaded: 0)
System memory in use before: 128.7 MB.
System memory in use after: 128.8 MB.

Unloading 17 unused Assets to reduce memory usage. Loaded Objects now: 3934.
Total: 6.517300 ms (FindLiveObjects: 0.504400 ms CreateObjectMapping: 0.262200 ms MarkObjects: 5.572900 ms  DeleteObjects: 0.174200 ms)

========================================================================
Received Prepare
Registering precompiled user dll's ...
Registered in 0.007498 seconds.
Begin MonoManager ReloadAssembly
Native extension for WindowsStandalone target not found
Refreshing native plugins compatible for Editor in 1.54 ms, found 2 plugins.
Preloading 0 native plugins for Editor in 0.00 ms.
Mono: successfully reloaded assembly
- Completed reload, in  2.533 seconds
Platform modules already initialized, skipping
Refreshing native plugins compatible for Editor in 1.58 ms, found 2 plugins.
Preloading 0 native plugins for Editor in 0.00 ms.
Unloading 3364 Unused Serialized files (Serialized files now loaded: 0)
System memory in use before: 128.7 MB.
System memory in use after: 128.9 MB.

Unloading 17 unused Assets to reduce memory usage. Loaded Objects now: 3938.
Total: 4.072900 ms (FindLiveObjects: 0.362800 ms CreateObjectMapping: 0.234600 ms MarkObjects: 3.193400 ms  DeleteObjects: 0.279600 ms)

========================================================================
Received Prepare
Registering precompiled user dll's ...
Registered in 0.005994 seconds.
Begin MonoManager ReloadAssembly
Native extension for WindowsStandalone target not found
Refreshing native plugins compatible for Editor in 0.94 ms, found 2 plugins.
Preloading 0 native plugins for Editor in 0.00 ms.
Mono: successfully reloaded assembly
- Completed reload, in  2.548 seconds
Platform modules already initialized, skipping
Refreshing native plugins compatible for Editor in 1.57 ms, found 2 plugins.
Preloading 0 native plugins for Editor in 0.00 ms.
Unloading 3364 Unused Serialized files (Serialized files now loaded: 0)
System memory in use before: 128.7 MB.
System memory in use after: 128.9 MB.

Unloading 17 unused Assets to reduce memory usage. Loaded Objects now: 3942.
Total: 3.879600 ms (FindLiveObjects: 0.430800 ms CreateObjectMapping: 0.256800 ms MarkObjects: 3.040600 ms  DeleteObjects: 0.149700 ms)

========================================================================
Received Prepare
Registering precompiled user dll's ...
Registered in 0.007069 seconds.
Begin MonoManager ReloadAssembly
Native extension for WindowsStandalone target not found
Refreshing native plugins compatible for Editor in 1.51 ms, found 2 plugins.
Preloading 0 native plugins for Editor in 0.00 ms.
Mono: successfully reloaded assembly
- Completed reload, in  2.543 seconds
Platform modules already initialized, skipping
Refreshing native plugins compatible for Editor in 1.65 ms, found 2 plugins.
Preloading 0 native plugins for Editor in 0.00 ms.
Unloading 3364 Unused Serialized files (Serialized files now loaded: 0)
System memory in use before: 128.8 MB.
System memory in use after: 128.9 MB.

Unloading 17 unused Assets to reduce memory usage. Loaded Objects now: 3946.
Total: 4.345100 ms (FindLiveObjects: 0.461900 ms CreateObjectMapping: 0.399900 ms MarkObjects: 3.330300 ms  DeleteObjects: 0.151600 ms)

========================================================================
Received Prepare
Registering precompiled user dll's ...
Registered in 0.005851 seconds.
Begin MonoManager ReloadAssembly
Native extension for WindowsStandalone target not found
Refreshing native plugins compatible for Editor in 0.93 ms, found 2 plugins.
Preloading 0 native plugins for Editor in 0.00 ms.
Mono: successfully reloaded assembly
- Completed reload, in  2.559 seconds
Platform modules already initialized, skipping
Refreshing native plugins compatible for Editor in 1.61 ms, found 2 plugins.
Preloading 0 native plugins for Editor in 0.00 ms.
Unloading 3364 Unused Serialized files (Serialized files now loaded: 0)
System memory in use before: 128.8 MB.
System memory in use after: 128.9 MB.

Unloading 17 unused Assets to reduce memory usage. Loaded Objects now: 3950.
Total: 4.683000 ms (FindLiveObjects: 0.487800 ms CreateObjectMapping: 0.381100 ms MarkObjects: 3.659700 ms  DeleteObjects: 0.153100 ms)

========================================================================
Received Prepare
Registering precompiled user dll's ...
Registered in 0.006159 seconds.
Begin MonoManager ReloadAssembly
Native extension for WindowsStandalone target not found
Refreshing native plugins compatible for Editor in 0.87 ms, found 2 plugins.
Preloading 0 native plugins for Editor in 0.00 ms.
Mono: successfully reloaded assembly
- Completed reload, in  2.158 seconds
Platform modules already initialized, skipping
Refreshing native plugins compatible for Editor in 2.19 ms, found 2 plugins.
Preloading 0 native plugins for Editor in 0.00 ms.
Unloading 3364 Unused Serialized files (Serialized files now loaded: 0)
System memory in use before: 128.8 MB.
System memory in use after: 128.9 MB.

Unloading 17 unused Assets to reduce memory usage. Loaded Objects now: 3954.
Total: 4.385000 ms (FindLiveObjects: 0.503100 ms CreateObjectMapping: 0.375600 ms MarkObjects: 3.310800 ms  DeleteObjects: 0.181700 ms)

========================================================================
Received Prepare
Registering precompiled user dll's ...
Registered in 0.007659 seconds.
Begin MonoManager ReloadAssembly
Native extension for WindowsStandalone target not found
Refreshing native plugins compatible for Editor in 0.86 ms, found 2 plugins.
Preloading 0 native plugins for Editor in 0.00 ms.
Mono: successfully reloaded assembly
- Completed reload, in  2.611 seconds
Platform modules already initialized, skipping
Refreshing native plugins compatible for Editor in 1.58 ms, found 2 plugins.
Preloading 0 native plugins for Editor in 0.00 ms.
Unloading 3364 Unused Serialized files (Serialized files now loaded: 0)
System memory in use before: 128.8 MB.
System memory in use after: 128.9 MB.

Unloading 17 unused Assets to reduce memory usage. Loaded Objects now: 3958.
Total: 8.047200 ms (FindLiveObjects: 0.931300 ms CreateObjectMapping: 0.994700 ms MarkObjects: 5.947000 ms  DeleteObjects: 0.169100 ms)

========================================================================
Received Prepare
Registering precompiled user dll's ...
Registered in 0.007247 seconds.
Begin MonoManager ReloadAssembly
Native extension for WindowsStandalone target not found
Refreshing native plugins compatible for Editor in 1.15 ms, found 2 plugins.
Preloading 0 native plugins for Editor in 0.00 ms.
Mono: successfully reloaded assembly
- Completed reload, in  2.572 seconds
Platform modules already initialized, skipping
Refreshing native plugins compatible for Editor in 3.47 ms, found 2 plugins.
Preloading 0 native plugins for Editor in 0.00 ms.
Unloading 3364 Unused Serialized files (Serialized files now loaded: 0)
System memory in use before: 128.8 MB.
System memory in use after: 128.9 MB.

Unloading 17 unused Assets to reduce memory usage. Loaded Objects now: 3962.
Total: 7.625000 ms (FindLiveObjects: 0.760700 ms CreateObjectMapping: 0.507800 ms MarkObjects: 6.094800 ms  DeleteObjects: 0.259300 ms)

========================================================================
Received Prepare
Registering precompiled user dll's ...
Registered in 0.007504 seconds.
Begin MonoManager ReloadAssembly
Native extension for WindowsStandalone target not found
Refreshing native plugins compatible for Editor in 1.18 ms, found 2 plugins.
Preloading 0 native plugins for Editor in 0.00 ms.
Mono: successfully reloaded assembly
- Completed reload, in  2.486 seconds
Platform modules already initialized, skipping
Refreshing native plugins compatible for Editor in 1.65 ms, found 2 plugins.
Preloading 0 native plugins for Editor in 0.00 ms.
Unloading 3364 Unused Serialized files (Serialized files now loaded: 0)
System memory in use before: 128.8 MB.
System memory in use after: 128.9 MB.

Unloading 17 unused Assets to reduce memory usage. Loaded Objects now: 3966.
Total: 3.982200 ms (FindLiveObjects: 0.369900 ms CreateObjectMapping: 0.228100 ms MarkObjects: 3.215500 ms  DeleteObjects: 0.167000 ms)

========================================================================
Received Prepare
Registering precompiled user dll's ...
Registered in 0.005544 seconds.
Begin MonoManager ReloadAssembly
Native extension for WindowsStandalone target not found
Refreshing native plugins compatible for Editor in 1.06 ms, found 2 plugins.
Preloading 0 native plugins for Editor in 0.00 ms.
Mono: successfully reloaded assembly
- Completed reload, in  2.629 seconds
Platform modules already initialized, skipping
Refreshing native plugins compatible for Editor in 1.59 ms, found 2 plugins.
Preloading 0 native plugins for Editor in 0.00 ms.
Unloading 3364 Unused Serialized files (Serialized files now loaded: 0)
System memory in use before: 128.8 MB.
System memory in use after: 128.9 MB.

Unloading 17 unused Assets to reduce memory usage. Loaded Objects now: 3970.
Total: 4.260500 ms (FindLiveObjects: 0.473500 ms CreateObjectMapping: 0.384000 ms MarkObjects: 3.242100 ms  DeleteObjects: 0.159200 ms)

========================================================================
Received Prepare
Registering precompiled user dll's ...
Registered in 0.006189 seconds.
Begin MonoManager ReloadAssembly
Native extension for WindowsStandalone target not found
Refreshing native plugins compatible for Editor in 0.92 ms, found 2 plugins.
Preloading 0 native plugins for Editor in 0.00 ms.
Mono: successfully reloaded assembly
- Completed reload, in  2.628 seconds
Platform modules already initialized, skipping
Refreshing native plugins compatible for Editor in 1.75 ms, found 2 plugins.
Preloading 0 native plugins for Editor in 0.00 ms.
Unloading 3364 Unused Serialized files (Serialized files now loaded: 0)
System memory in use before: 128.8 MB.
System memory in use after: 128.9 MB.

Unloading 17 unused Assets to reduce memory usage. Loaded Objects now: 3974.
Total: 4.679000 ms (FindLiveObjects: 0.450700 ms CreateObjectMapping: 0.272700 ms MarkObjects: 3.768100 ms  DeleteObjects: 0.184500 ms)

========================================================================
Received Prepare
Registering precompiled user dll's ...
Registered in 0.005112 seconds.
Begin MonoManager ReloadAssembly
Native extension for WindowsStandalone target not found
Refreshing native plugins compatible for Editor in 0.87 ms, found 2 plugins.
Preloading 0 native plugins for Editor in 0.00 ms.
Mono: successfully reloaded assembly
- Completed reload, in  2.122 seconds
Platform modules already initialized, skipping
Refreshing native plugins compatible for Editor in 1.65 ms, found 2 plugins.
Preloading 0 native plugins for Editor in 0.00 ms.
Unloading 3364 Unused Serialized files (Serialized files now loaded: 0)
System memory in use before: 128.8 MB.
System memory in use after: 128.9 MB.

Unloading 17 unused Assets to reduce memory usage. Loaded Objects now: 3978.
Total: 4.117400 ms (FindLiveObjects: 0.465000 ms CreateObjectMapping: 0.336900 ms MarkObjects: 3.171900 ms  DeleteObjects: 0.142100 ms)

========================================================================
Received Import Request.
  Time since last request: 5219.774534 seconds.
  path: Assets/Art/Magnified View/Air.anim
  artifactKey: Guid(f569f88cf769d714d93522335fae4292) Importer(815301076,1909f56bfc062723c751e8b465ee728b)
Start importing Assets/Art/Magnified View/Air.anim using Guid(f569f88cf769d714d93522335fae4292) Importer(815301076,1909f56bfc062723c751e8b465ee728b)  -> (artifact id: '0ee9d23d70af0e635fb1bd3a9206a12f') in 0.072858 seconds 
========================================================================
Received Import Request.
  Time since last request: 6.240199 seconds.
  path: Assets/Animation/Magnified View
  artifactKey: Guid(30d07b60fadf138468d42015eb6f90ad) Importer(815301076,1909f56bfc062723c751e8b465ee728b)
Start importing Assets/Animation/Magnified View using Guid(30d07b60fadf138468d42015eb6f90ad) Importer(815301076,1909f56bfc062723c751e8b465ee728b)  -> (artifact id: 'aea4dd9933eef7fa799d5d1f8fe731f3') in 0.009762 seconds 
========================================================================
Received Import Request.
  Time since last request: 0.820956 seconds.
  path: Assets/Animation/Magnified View/GlassPanel Image.controller
  artifactKey: Guid(d35a5e53c795abd4d8e3d73859e893db) Importer(815301076,1909f56bfc062723c751e8b465ee728b)
Start importing Assets/Animation/Magnified View/GlassPanel Image.controller using Guid(d35a5e53c795abd4d8e3d73859e893db) Importer(815301076,1909f56bfc062723c751e8b465ee728b)  -> (artifact id: '4a2742b2d4049d9ac56df658c36267eb') in 0.018365 seconds 
========================================================================
Received Prepare
Registering precompiled user dll's ...
Registered in 0.005426 seconds.
Begin MonoManager ReloadAssembly
Native extension for WindowsStandalone target not found
Refreshing native plugins compatible for Editor in 0.99 ms, found 2 plugins.
Preloading 0 native plugins for Editor in 0.00 ms.
Mono: successfully reloaded assembly
- Completed reload, in  2.230 seconds
Platform modules already initialized, skipping
Refreshing native plugins compatible for Editor in 1.75 ms, found 2 plugins.
Preloading 0 native plugins for Editor in 0.00 ms.
Unloading 3364 Unused Serialized files (Serialized files now loaded: 0)
System memory in use before: 128.9 MB.
System memory in use after: 129.0 MB.

Unloading 17 unused Assets to reduce memory usage. Loaded Objects now: 3982.
Total: 3.930200 ms (FindLiveObjects: 0.400000 ms CreateObjectMapping: 0.229700 ms MarkObjects: 3.148700 ms  DeleteObjects: 0.148900 ms)

========================================================================
Received Prepare
Registering precompiled user dll's ...
Registered in 0.006129 seconds.
Begin MonoManager ReloadAssembly
Native extension for WindowsStandalone target not found
Refreshing native plugins compatible for Editor in 0.95 ms, found 2 plugins.
Preloading 0 native plugins for Editor in 0.00 ms.
Mono: successfully reloaded assembly
- Completed reload, in  2.597 seconds
Platform modules already initialized, skipping
Refreshing native plugins compatible for Editor in 1.70 ms, found 2 plugins.
Preloading 0 native plugins for Editor in 0.00 ms.
Unloading 3364 Unused Serialized files (Serialized files now loaded: 0)
System memory in use before: 128.9 MB.
System memory in use after: 129.0 MB.

Unloading 17 unused Assets to reduce memory usage. Loaded Objects now: 3986.
Total: 8.542400 ms (FindLiveObjects: 0.664200 ms CreateObjectMapping: 0.559100 ms MarkObjects: 7.118400 ms  DeleteObjects: 0.197500 ms)

========================================================================
Received Prepare
Registering precompiled user dll's ...
Registered in 0.006139 seconds.
Begin MonoManager ReloadAssembly
Native extension for WindowsStandalone target not found
Refreshing native plugins compatible for Editor in 0.95 ms, found 2 plugins.
Preloading 0 native plugins for Editor in 0.00 ms.
Mono: successfully reloaded assembly
- Completed reload, in  2.329 seconds
Platform modules already initialized, skipping
Refreshing native plugins compatible for Editor in 1.67 ms, found 2 plugins.
Preloading 0 native plugins for Editor in 0.00 ms.
Unloading 3364 Unused Serialized files (Serialized files now loaded: 0)
System memory in use before: 128.9 MB.
System memory in use after: 129.0 MB.

Unloading 17 unused Assets to reduce memory usage. Loaded Objects now: 3990.
Total: 4.554600 ms (FindLiveObjects: 0.505000 ms CreateObjectMapping: 0.255000 ms MarkObjects: 3.591200 ms  DeleteObjects: 0.201200 ms)

========================================================================
Received Prepare
Registering precompiled user dll's ...
Registered in 0.006313 seconds.
Begin MonoManager ReloadAssembly
Native extension for WindowsStandalone target not found
Refreshing native plugins compatible for Editor in 0.94 ms, found 2 plugins.
Preloading 0 native plugins for Editor in 0.00 ms.
Mono: successfully reloaded assembly
- Completed reload, in  2.672 seconds
Platform modules already initialized, skipping
Refreshing native plugins compatible for Editor in 1.71 ms, found 2 plugins.
Preloading 0 native plugins for Editor in 0.00 ms.
Unloading 3364 Unused Serialized files (Serialized files now loaded: 0)
System memory in use before: 128.9 MB.
System memory in use after: 129.0 MB.

Unloading 17 unused Assets to reduce memory usage. Loaded Objects now: 3994.
Total: 4.260300 ms (FindLiveObjects: 0.370100 ms CreateObjectMapping: 0.230000 ms MarkObjects: 3.506500 ms  DeleteObjects: 0.152000 ms)

========================================================================
Received Prepare
Registering precompiled user dll's ...
Registered in 0.005130 seconds.
Begin MonoManager ReloadAssembly
Native extension for WindowsStandalone target not found
Refreshing native plugins compatible for Editor in 2.83 ms, found 2 plugins.
Preloading 0 native plugins for Editor in 0.00 ms.
Mono: successfully reloaded assembly
- Completed reload, in  3.164 seconds
Platform modules already initialized, skipping
Refreshing native plugins compatible for Editor in 1.67 ms, found 2 plugins.
Preloading 0 native plugins for Editor in 0.00 ms.
Unloading 3364 Unused Serialized files (Serialized files now loaded: 0)
System memory in use before: 128.9 MB.
System memory in use after: 129.0 MB.

Unloading 17 unused Assets to reduce memory usage. Loaded Objects now: 3998.
Total: 4.102600 ms (FindLiveObjects: 0.435200 ms CreateObjectMapping: 0.287900 ms MarkObjects: 3.228600 ms  DeleteObjects: 0.149200 ms)

========================================================================
Received Prepare
Registering precompiled user dll's ...
Registered in 0.005377 seconds.
Begin MonoManager ReloadAssembly
Native extension for WindowsStandalone target not found
Refreshing native plugins compatible for Editor in 1.67 ms, found 2 plugins.
Preloading 0 native plugins for Editor in 0.00 ms.
Mono: successfully reloaded assembly
- Completed reload, in  2.342 seconds
Platform modules already initialized, skipping
Refreshing native plugins compatible for Editor in 1.64 ms, found 2 plugins.
Preloading 0 native plugins for Editor in 0.00 ms.
Unloading 3364 Unused Serialized files (Serialized files now loaded: 0)
System memory in use before: 128.9 MB.
System memory in use after: 129.0 MB.

Unloading 17 unused Assets to reduce memory usage. Loaded Objects now: 4002.
Total: 4.716900 ms (FindLiveObjects: 0.506800 ms CreateObjectMapping: 0.418000 ms MarkObjects: 3.625300 ms  DeleteObjects: 0.164200 ms)

========================================================================
Received Prepare
Registering precompiled user dll's ...
Registered in 0.005284 seconds.
Begin MonoManager ReloadAssembly
Native extension for WindowsStandalone target not found
Refreshing native plugins compatible for Editor in 0.86 ms, found 2 plugins.
Preloading 0 native plugins for Editor in 0.00 ms.
Mono: successfully reloaded assembly
- Completed reload, in  2.032 seconds
Platform modules already initialized, skipping
Refreshing native plugins compatible for Editor in 1.59 ms, found 2 plugins.
Preloading 0 native plugins for Editor in 0.00 ms.
Unloading 3364 Unused Serialized files (Serialized files now loaded: 0)
System memory in use before: 128.9 MB.
System memory in use after: 129.0 MB.

Unloading 17 unused Assets to reduce memory usage. Loaded Objects now: 4006.
Total: 4.359600 ms (FindLiveObjects: 0.476100 ms CreateObjectMapping: 0.447100 ms MarkObjects: 3.284300 ms  DeleteObjects: 0.150400 ms)

========================================================================
Received Prepare
Registering precompiled user dll's ...
Registered in 0.005396 seconds.
Begin MonoManager ReloadAssembly
Native extension for WindowsStandalone target not found
Refreshing native plugins compatible for Editor in 2.01 ms, found 2 plugins.
Preloading 0 native plugins for Editor in 0.00 ms.
Mono: successfully reloaded assembly
- Completed reload, in  2.511 seconds
Platform modules already initialized, skipping
Refreshing native plugins compatible for Editor in 1.78 ms, found 2 plugins.
Preloading 0 native plugins for Editor in 0.00 ms.
Unloading 3364 Unused Serialized files (Serialized files now loaded: 0)
System memory in use before: 128.9 MB.
System memory in use after: 129.0 MB.

Unloading 17 unused Assets to reduce memory usage. Loaded Objects now: 4010.
Total: 3.982800 ms (FindLiveObjects: 0.412000 ms CreateObjectMapping: 0.242300 ms MarkObjects: 3.172400 ms  DeleteObjects: 0.154200 ms)

========================================================================
Received Prepare
Registering precompiled user dll's ...
Registered in 0.006230 seconds.
Begin MonoManager ReloadAssembly
Native extension for WindowsStandalone target not found
Refreshing native plugins compatible for Editor in 1.47 ms, found 2 plugins.
Preloading 0 native plugins for Editor in 0.00 ms.
Mono: successfully reloaded assembly
- Completed reload, in  2.520 seconds
Platform modules already initialized, skipping
Refreshing native plugins compatible for Editor in 1.67 ms, found 2 plugins.
Preloading 0 native plugins for Editor in 0.00 ms.
Unloading 3364 Unused Serialized files (Serialized files now loaded: 0)
System memory in use before: 128.9 MB.
System memory in use after: 129.0 MB.

Unloading 17 unused Assets to reduce memory usage. Loaded Objects now: 4014.
Total: 3.936300 ms (FindLiveObjects: 0.407700 ms CreateObjectMapping: 0.234100 ms MarkObjects: 3.131900 ms  DeleteObjects: 0.160600 ms)

========================================================================
Received Prepare
Registering precompiled user dll's ...
Registered in 0.008226 seconds.
Begin MonoManager ReloadAssembly
Native extension for WindowsStandalone target not found
Refreshing native plugins compatible for Editor in 1.51 ms, found 2 plugins.
Preloading 0 native plugins for Editor in 0.00 ms.
Mono: successfully reloaded assembly
- Completed reload, in  2.513 seconds
Platform modules already initialized, skipping
Refreshing native plugins compatible for Editor in 1.74 ms, found 2 plugins.
Preloading 0 native plugins for Editor in 0.00 ms.
Unloading 3364 Unused Serialized files (Serialized files now loaded: 0)
System memory in use before: 128.9 MB.
System memory in use after: 129.1 MB.

Unloading 17 unused Assets to reduce memory usage. Loaded Objects now: 4018.
Total: 4.414500 ms (FindLiveObjects: 0.485000 ms CreateObjectMapping: 0.382700 ms MarkObjects: 3.391500 ms  DeleteObjects: 0.153600 ms)

========================================================================
Received Prepare
Registering precompiled user dll's ...
Registered in 0.005171 seconds.
Begin MonoManager ReloadAssembly
Native extension for WindowsStandalone target not found
Refreshing native plugins compatible for Editor in 0.87 ms, found 2 plugins.
Preloading 0 native plugins for Editor in 0.00 ms.
Mono: successfully reloaded assembly
- Completed reload, in  2.221 seconds
Platform modules already initialized, skipping
Refreshing native plugins compatible for Editor in 1.60 ms, found 2 plugins.
Preloading 0 native plugins for Editor in 0.00 ms.
Unloading 3364 Unused Serialized files (Serialized files now loaded: 0)
System memory in use before: 128.9 MB.
System memory in use after: 129.1 MB.

Unloading 17 unused Assets to reduce memory usage. Loaded Objects now: 4022.
Total: 4.031400 ms (FindLiveObjects: 0.363200 ms CreateObjectMapping: 0.235600 ms MarkObjects: 3.273500 ms  DeleteObjects: 0.157100 ms)

========================================================================
Received Import Request.
  Time since last request: 1615.997141 seconds.
  path: Assets/Art/Base.png
  artifactKey: Guid(79c8def5624691444b72132c1b4244d1) Importer(815301076,1909f56bfc062723c751e8b465ee728b)
Start importing Assets/Art/Base.png using Guid(79c8def5624691444b72132c1b4244d1) Importer(815301076,1909f56bfc062723c751e8b465ee728b)  -> (artifact id: 'f4ac98f83e0a4b12a4cf28c9fc695771') in 0.742804 seconds 
========================================================================
Received Prepare
Registering precompiled user dll's ...
Registered in 0.005495 seconds.
Begin MonoManager ReloadAssembly
Native extension for WindowsStandalone target not found
Refreshing native plugins compatible for Editor in 0.87 ms, found 2 plugins.
Preloading 0 native plugins for Editor in 0.00 ms.
Mono: successfully reloaded assembly
- Completed reload, in  2.152 seconds
Platform modules already initialized, skipping
Refreshing native plugins compatible for Editor in 1.43 ms, found 2 plugins.
Preloading 0 native plugins for Editor in 0.00 ms.
Unloading 3365 Unused Serialized files (Serialized files now loaded: 0)
System memory in use before: 135.4 MB.
System memory in use after: 135.5 MB.

Unloading 17 unused Assets to reduce memory usage. Loaded Objects now: 4047.
Total: 4.510900 ms (FindLiveObjects: 0.434500 ms CreateObjectMapping: 0.307300 ms MarkObjects: 3.602600 ms  DeleteObjects: 0.164400 ms)

========================================================================
Received Prepare
Registering precompiled user dll's ...
Registered in 0.007176 seconds.
Begin MonoManager ReloadAssembly
Native extension for WindowsStandalone target not found
Refreshing native plugins compatible for Editor in 0.95 ms, found 2 plugins.
Preloading 0 native plugins for Editor in 0.00 ms.
Mono: successfully reloaded assembly
- Completed reload, in  2.678 seconds
Platform modules already initialized, skipping
Refreshing native plugins compatible for Editor in 2.00 ms, found 2 plugins.
Preloading 0 native plugins for Editor in 0.00 ms.
Unloading 3364 Unused Serialized files (Serialized files now loaded: 0)
System memory in use before: 135.3 MB.
System memory in use after: 135.4 MB.

Unloading 17 unused Assets to reduce memory usage. Loaded Objects now: 4051.
Total: 5.475200 ms (FindLiveObjects: 0.495500 ms CreateObjectMapping: 0.393300 ms MarkObjects: 4.420200 ms  DeleteObjects: 0.164700 ms)

========================================================================
Received Prepare
Registering precompiled user dll's ...
Registered in 0.006250 seconds.
Begin MonoManager ReloadAssembly
Native extension for WindowsStandalone target not found
Refreshing native plugins compatible for Editor in 0.92 ms, found 2 plugins.
Preloading 0 native plugins for Editor in 0.00 ms.
Mono: successfully reloaded assembly
- Completed reload, in  2.771 seconds
Platform modules already initialized, skipping
Refreshing native plugins compatible for Editor in 1.77 ms, found 2 plugins.
Preloading 0 native plugins for Editor in 0.00 ms.
Unloading 3364 Unused Serialized files (Serialized files now loaded: 0)
System memory in use before: 135.3 MB.
System memory in use after: 135.5 MB.

Unloading 17 unused Assets to reduce memory usage. Loaded Objects now: 4055.
Total: 9.166700 ms (FindLiveObjects: 0.602500 ms CreateObjectMapping: 0.308600 ms MarkObjects: 8.018100 ms  DeleteObjects: 0.235000 ms)

========================================================================
Received Prepare
Registering precompiled user dll's ...
Registered in 0.005807 seconds.
Begin MonoManager ReloadAssembly
Native extension for WindowsStandalone target not found
Refreshing native plugins compatible for Editor in 1.47 ms, found 2 plugins.
Preloading 0 native plugins for Editor in 0.00 ms.
Mono: successfully reloaded assembly
- Completed reload, in  2.969 seconds
Platform modules already initialized, skipping
Refreshing native plugins compatible for Editor in 2.56 ms, found 2 plugins.
Preloading 0 native plugins for Editor in 0.00 ms.
Unloading 3364 Unused Serialized files (Serialized files now loaded: 0)
System memory in use before: 135.3 MB.
System memory in use after: 135.5 MB.

Unloading 17 unused Assets to reduce memory usage. Loaded Objects now: 4059.
Total: 4.495600 ms (FindLiveObjects: 0.496600 ms CreateObjectMapping: 0.429100 ms MarkObjects: 3.402800 ms  DeleteObjects: 0.165500 ms)

========================================================================
Received Prepare
Registering precompiled user dll's ...
Registered in 0.008311 seconds.
Begin MonoManager ReloadAssembly
Native extension for WindowsStandalone target not found
Refreshing native plugins compatible for Editor in 0.93 ms, found 2 plugins.
Preloading 0 native plugins for Editor in 0.00 ms.
Mono: successfully reloaded assembly
- Completed reload, in  2.498 seconds
Platform modules already initialized, skipping
Refreshing native plugins compatible for Editor in 4.31 ms, found 2 plugins.
Preloading 0 native plugins for Editor in 0.00 ms.
Unloading 3364 Unused Serialized files (Serialized files now loaded: 0)
System memory in use before: 135.4 MB.
System memory in use after: 135.5 MB.

Unloading 17 unused Assets to reduce memory usage. Loaded Objects now: 4063.
Total: 4.247200 ms (FindLiveObjects: 0.442600 ms CreateObjectMapping: 0.436600 ms MarkObjects: 3.162200 ms  DeleteObjects: 0.203200 ms)

========================================================================
Received Prepare
Registering precompiled user dll's ...
Registered in 0.005234 seconds.
Begin MonoManager ReloadAssembly
Native extension for WindowsStandalone target not found
Refreshing native plugins compatible for Editor in 0.88 ms, found 2 plugins.
Preloading 0 native plugins for Editor in 0.00 ms.
Mono: successfully reloaded assembly
- Completed reload, in  2.355 seconds
Platform modules already initialized, skipping
Refreshing native plugins compatible for Editor in 5.30 ms, found 2 plugins.
Preloading 0 native plugins for Editor in 0.00 ms.
Unloading 3364 Unused Serialized files (Serialized files now loaded: 0)
System memory in use before: 135.4 MB.
System memory in use after: 135.5 MB.

Unloading 17 unused Assets to reduce memory usage. Loaded Objects now: 4067.
Total: 4.583600 ms (FindLiveObjects: 0.425800 ms CreateObjectMapping: 0.319100 ms MarkObjects: 3.683900 ms  DeleteObjects: 0.152600 ms)

========================================================================
Received Prepare
Registering precompiled user dll's ...
Registered in 0.006155 seconds.
Begin MonoManager ReloadAssembly
Native extension for WindowsStandalone target not found
Refreshing native plugins compatible for Editor in 1.07 ms, found 2 plugins.
Preloading 0 native plugins for Editor in 0.00 ms.
Mono: successfully reloaded assembly
- Completed reload, in  2.272 seconds
Platform modules already initialized, skipping
Refreshing native plugins compatible for Editor in 2.04 ms, found 2 plugins.
Preloading 0 native plugins for Editor in 0.00 ms.
Unloading 3364 Unused Serialized files (Serialized files now loaded: 0)
System memory in use before: 135.4 MB.
System memory in use after: 135.5 MB.

Unloading 17 unused Assets to reduce memory usage. Loaded Objects now: 4071.
Total: 4.465300 ms (FindLiveObjects: 0.367100 ms CreateObjectMapping: 0.288000 ms MarkObjects: 3.654800 ms  DeleteObjects: 0.153500 ms)

AssetImportWorkerClient::OnTransportError - code=2 error=End of file
