Using pre-set license
Built from '2021.1/release' branch; Version is '2021.1.0f1 (61a549675243) revision 6399305'; Using compiler version '192528614'; Build Type 'Release'
OS: 'Windows 10 Home Single Language; OS build 19042.1387; Version 2009; 64bit' Language: 'en' Physical Memory: 4016 MB
BatchMode: 1, IsHumanControllingUs: 0, StartBugReporterOnCrash: 0, Is64bit: 1, IsPro: 0

 COMMAND LINE ARGUMENTS:
C:\Program Files\Unity\Hub\Editor\2021.1.0f1\Editor\Unity.exe
-adb2
-batchMode
-noUpm
-name
AssetImportWorker0
-projectPath
E:/Unity/Projects/WaterPhase/Water Phase
-logFile
Logs/AssetImportWorker0.log
-srvPort
65356
Successfully changed project path to: E:/Unity/Projects/WaterPhase/Water Phase
E:/Unity/Projects/WaterPhase/Water Phase
Using Asset Import Pipeline V2.
Refreshing native plugins compatible for Editor in 189.24 ms, found 2 plugins.
Preloading 0 native plugins for Editor in 0.00 ms.
Initialize engine version: 2021.1.0f1 (61a549675243)
[Subsystems] Discovering subsystems at path C:/Program Files/Unity/Hub/Editor/2021.1.0f1/Editor/Data/Resources/UnitySubsystems
[Subsystems] Discovering subsystems at path E:/Unity/Projects/WaterPhase/Water Phase/Assets
GfxDevice: creating device client; threaded=0; jobified=0
Direct3D:
    Version:  Direct3D 11.0 [level 11.1]
    Renderer: Intel(R) HD Graphics 5500 (ID=0x1616)
    Vendor:   Intel
    VRAM:     2008 MB
    Driver:   20.19.15.4703
Initialize mono
Mono path[0] = 'C:/Program Files/Unity/Hub/Editor/2021.1.0f1/Editor/Data/Managed'
Mono path[1] = 'C:/Program Files/Unity/Hub/Editor/2021.1.0f1/Editor/Data/MonoBleedingEdge/lib/mono/unityjit'
Mono config path = 'C:/Program Files/Unity/Hub/Editor/2021.1.0f1/Editor/Data/MonoBleedingEdge/etc'
Using monoOptions --debugger-agent=transport=dt_socket,embedding=1,server=y,suspend=n,address=127.0.0.1:56232
Begin MonoManager ReloadAssembly
Registering precompiled unity dll's ...
Register platform support module: C:/Program Files/Unity/Hub/Editor/2021.1.0f1/Editor/Data/PlaybackEngines/WindowsStandaloneSupport/UnityEditor.WindowsStandalone.Extensions.dll
Registered in 0.013724 seconds.
Native extension for WindowsStandalone target not found
Refreshing native plugins compatible for Editor in 192.98 ms, found 2 plugins.
Preloading 0 native plugins for Editor in 0.00 ms.
Mono: successfully reloaded assembly
- Completed reload, in  6.227 seconds
Platform modules already initialized, skipping
Registering precompiled user dll's ...
Registered in 0.005401 seconds.
Begin MonoManager ReloadAssembly
Native extension for WindowsStandalone target not found
Refreshing native plugins compatible for Editor in 192.61 ms, found 2 plugins.
Preloading 0 native plugins for Editor in 0.00 ms.
Mono: successfully reloaded assembly
- Completed reload, in  4.145 seconds
Platform modules already initialized, skipping
========================================================================
Worker process is ready to serve import requests
Launched and connected shader compiler UnityShaderCompiler.exe after 0.07 seconds
Refreshing native plugins compatible for Editor in 1.48 ms, found 2 plugins.
Preloading 0 native plugins for Editor in 0.00 ms.
Unloading 3384 Unused Serialized files (Serialized files now loaded: 0)
System memory in use before: 201.4 MB.
System memory in use after: 201.5 MB.

Unloading 28 unused Assets to reduce memory usage. Loaded Objects now: 3841.
Total: 3.926000 ms (FindLiveObjects: 0.349600 ms CreateObjectMapping: 0.230700 ms MarkObjects: 3.170500 ms  DeleteObjects: 0.173300 ms)

========================================================================
Received Import Request.
  path: Assets/Script/Iteract.cs
  artifactKey: Guid(6c0f63d8d2fb1ee4a8a275838d76b384) Importer(815301076,1909f56bfc062723c751e8b465ee728b)
Start importing Assets/Script/Iteract.cs using Guid(6c0f63d8d2fb1ee4a8a275838d76b384) Importer(815301076,1909f56bfc062723c751e8b465ee728b)  -> (artifact id: '16e8c950710f3e8311b6ad990a17f471') in 0.041081 seconds 
========================================================================
Received Import Request.
  Time since last request: 0.000542 seconds.
  path: Assets/Script/MagGlass.cs
  artifactKey: Guid(1bc2aedda0492b94f922fb6d60c5738f) Importer(815301076,1909f56bfc062723c751e8b465ee728b)
Start importing Assets/Script/MagGlass.cs using Guid(1bc2aedda0492b94f922fb6d60c5738f) Importer(815301076,1909f56bfc062723c751e8b465ee728b)  -> (artifact id: '47fcbee9ab57b5cd3a1e312898d606d4') in 0.003132 seconds 
========================================================================
Received Prepare
Registering precompiled user dll's ...
Registered in 0.007224 seconds.
Begin MonoManager ReloadAssembly
Native extension for WindowsStandalone target not found
Refreshing native plugins compatible for Editor in 1.20 ms, found 2 plugins.
Preloading 0 native plugins for Editor in 0.00 ms.
Mono: successfully reloaded assembly
- Completed reload, in  4.649 seconds
Platform modules already initialized, skipping
Refreshing native plugins compatible for Editor in 1.75 ms, found 2 plugins.
Preloading 0 native plugins for Editor in 0.00 ms.
Unloading 3366 Unused Serialized files (Serialized files now loaded: 0)
System memory in use before: 200.5 MB.
System memory in use after: 200.6 MB.

Unloading 17 unused Assets to reduce memory usage. Loaded Objects now: 3845.
Total: 5.825600 ms (FindLiveObjects: 0.839300 ms CreateObjectMapping: 0.354300 ms MarkObjects: 4.404200 ms  DeleteObjects: 0.224700 ms)

========================================================================
Received Import Request.
  Time since last request: 166.650662 seconds.
  path: Assets/Script/MagGlass.cs
  artifactKey: Guid(1bc2aedda0492b94f922fb6d60c5738f) Importer(815301076,1909f56bfc062723c751e8b465ee728b)
Start importing Assets/Script/MagGlass.cs using Guid(1bc2aedda0492b94f922fb6d60c5738f) Importer(815301076,1909f56bfc062723c751e8b465ee728b)  -> (artifact id: '14607de771bd753fba09f91e725823c1') in 0.024948 seconds 
========================================================================
Received Prepare
Registering precompiled user dll's ...
Registered in 0.007444 seconds.
Begin MonoManager ReloadAssembly
Native extension for WindowsStandalone target not found
Refreshing native plugins compatible for Editor in 1.15 ms, found 2 plugins.
Preloading 0 native plugins for Editor in 0.00 ms.
Mono: successfully reloaded assembly
- Completed reload, in 11.090 seconds
Platform modules already initialized, skipping
Refreshing native plugins compatible for Editor in 1.07 ms, found 2 plugins.
Preloading 0 native plugins for Editor in 0.00 ms.
Unloading 3366 Unused Serialized files (Serialized files now loaded: 0)
System memory in use before: 200.5 MB.
System memory in use after: 200.6 MB.

Unloading 17 unused Assets to reduce memory usage. Loaded Objects now: 3849.
Total: 4.678200 ms (FindLiveObjects: 0.335400 ms CreateObjectMapping: 0.238200 ms MarkObjects: 3.852000 ms  DeleteObjects: 0.250400 ms)

========================================================================
Received Prepare
Registering precompiled user dll's ...
Registered in 0.168868 seconds.
Begin MonoManager ReloadAssembly
Native extension for WindowsStandalone target not found
Refreshing native plugins compatible for Editor in 0.91 ms, found 2 plugins.
Preloading 0 native plugins for Editor in 0.00 ms.
Mono: successfully reloaded assembly
- Completed reload, in  2.102 seconds
Platform modules already initialized, skipping
Refreshing native plugins compatible for Editor in 1.58 ms, found 2 plugins.
Preloading 0 native plugins for Editor in 0.00 ms.
Unloading 3363 Unused Serialized files (Serialized files now loaded: 0)
System memory in use before: 200.5 MB.
System memory in use after: 200.6 MB.

Unloading 20 unused Assets to reduce memory usage. Loaded Objects now: 3850.
Total: 4.668500 ms (FindLiveObjects: 0.612900 ms CreateObjectMapping: 0.414800 ms MarkObjects: 3.458100 ms  DeleteObjects: 0.179900 ms)

========================================================================
Received Prepare
Registering precompiled user dll's ...
Registered in 0.005944 seconds.
Begin MonoManager ReloadAssembly
Native extension for WindowsStandalone target not found
Refreshing native plugins compatible for Editor in 0.87 ms, found 2 plugins.
Preloading 0 native plugins for Editor in 0.00 ms.
Mono: successfully reloaded assembly
- Completed reload, in  2.031 seconds
Platform modules already initialized, skipping
Refreshing native plugins compatible for Editor in 1.64 ms, found 2 plugins.
Preloading 0 native plugins for Editor in 0.00 ms.
Unloading 3363 Unused Serialized files (Serialized files now loaded: 0)
System memory in use before: 200.5 MB.
System memory in use after: 200.6 MB.

Unloading 17 unused Assets to reduce memory usage. Loaded Objects now: 3854.
Total: 3.826400 ms (FindLiveObjects: 0.352300 ms CreateObjectMapping: 0.227800 ms MarkObjects: 3.077500 ms  DeleteObjects: 0.167100 ms)

========================================================================
Received Prepare
Registering precompiled user dll's ...
Registered in 0.006000 seconds.
Begin MonoManager ReloadAssembly
Native extension for WindowsStandalone target not found
Refreshing native plugins compatible for Editor in 0.90 ms, found 2 plugins.
Preloading 0 native plugins for Editor in 0.00 ms.
Mono: successfully reloaded assembly
- Completed reload, in  2.142 seconds
Platform modules already initialized, skipping
Refreshing native plugins compatible for Editor in 1.63 ms, found 2 plugins.
Preloading 0 native plugins for Editor in 0.00 ms.
Unloading 3363 Unused Serialized files (Serialized files now loaded: 0)
System memory in use before: 200.5 MB.
System memory in use after: 200.6 MB.

Unloading 17 unused Assets to reduce memory usage. Loaded Objects now: 3858.
Total: 3.913900 ms (FindLiveObjects: 0.498200 ms CreateObjectMapping: 0.244400 ms MarkObjects: 3.007900 ms  DeleteObjects: 0.161300 ms)

========================================================================
Received Prepare
Registering precompiled user dll's ...
Registered in 0.005236 seconds.
Begin MonoManager ReloadAssembly
Native extension for WindowsStandalone target not found
Refreshing native plugins compatible for Editor in 1.17 ms, found 2 plugins.
Preloading 0 native plugins for Editor in 0.00 ms.
Mono: successfully reloaded assembly
- Completed reload, in  2.192 seconds
Platform modules already initialized, skipping
Refreshing native plugins compatible for Editor in 1.69 ms, found 2 plugins.
Preloading 0 native plugins for Editor in 0.00 ms.
Unloading 3363 Unused Serialized files (Serialized files now loaded: 0)
System memory in use before: 200.5 MB.
System memory in use after: 200.7 MB.

Unloading 17 unused Assets to reduce memory usage. Loaded Objects now: 3862.
Total: 3.811600 ms (FindLiveObjects: 0.347200 ms CreateObjectMapping: 0.231400 ms MarkObjects: 3.073100 ms  DeleteObjects: 0.158200 ms)

========================================================================
Received Prepare
Registering precompiled user dll's ...
Registered in 0.005342 seconds.
Begin MonoManager ReloadAssembly
Native extension for WindowsStandalone target not found
Refreshing native plugins compatible for Editor in 0.88 ms, found 2 plugins.
Preloading 0 native plugins for Editor in 0.00 ms.
Mono: successfully reloaded assembly
- Completed reload, in  2.170 seconds
Platform modules already initialized, skipping
Refreshing native plugins compatible for Editor in 2.00 ms, found 2 plugins.
Preloading 0 native plugins for Editor in 0.00 ms.
Unloading 3363 Unused Serialized files (Serialized files now loaded: 0)
System memory in use before: 200.6 MB.
System memory in use after: 200.7 MB.

Unloading 17 unused Assets to reduce memory usage. Loaded Objects now: 3866.
Total: 4.100900 ms (FindLiveObjects: 0.452500 ms CreateObjectMapping: 0.229000 ms MarkObjects: 3.264500 ms  DeleteObjects: 0.152700 ms)

========================================================================
Received Prepare
Registering precompiled user dll's ...
Registered in 0.005167 seconds.
Begin MonoManager ReloadAssembly
Native extension for WindowsStandalone target not found
Refreshing native plugins compatible for Editor in 1.01 ms, found 2 plugins.
Preloading 0 native plugins for Editor in 0.00 ms.
Mono: successfully reloaded assembly
- Completed reload, in  2.140 seconds
Platform modules already initialized, skipping
Refreshing native plugins compatible for Editor in 1.52 ms, found 2 plugins.
Preloading 0 native plugins for Editor in 0.00 ms.
Unloading 3363 Unused Serialized files (Serialized files now loaded: 0)
System memory in use before: 200.6 MB.
System memory in use after: 200.7 MB.

Unloading 17 unused Assets to reduce memory usage. Loaded Objects now: 3870.
Total: 3.778100 ms (FindLiveObjects: 0.361700 ms CreateObjectMapping: 0.232400 ms MarkObjects: 3.025100 ms  DeleteObjects: 0.157000 ms)

========================================================================
Received Prepare
Registering precompiled user dll's ...
Registered in 0.005570 seconds.
Begin MonoManager ReloadAssembly
Native extension for WindowsStandalone target not found
Refreshing native plugins compatible for Editor in 1.06 ms, found 2 plugins.
Preloading 0 native plugins for Editor in 0.00 ms.
Mono: successfully reloaded assembly
- Completed reload, in  2.155 seconds
Platform modules already initialized, skipping
Refreshing native plugins compatible for Editor in 1.70 ms, found 2 plugins.
Preloading 0 native plugins for Editor in 0.00 ms.
Unloading 3363 Unused Serialized files (Serialized files now loaded: 0)
System memory in use before: 200.6 MB.
System memory in use after: 200.7 MB.

Unloading 17 unused Assets to reduce memory usage. Loaded Objects now: 3874.
Total: 4.653200 ms (FindLiveObjects: 0.459700 ms CreateObjectMapping: 0.305500 ms MarkObjects: 3.661000 ms  DeleteObjects: 0.223200 ms)

========================================================================
Received Import Request.
  Time since last request: 794.180092 seconds.
  path: ProjectSettings/TagManager.asset
  artifactKey: Guid(00000000000000003000000000000000) Importer(815301076,1909f56bfc062723c751e8b465ee728b)
Start importing ProjectSettings/TagManager.asset using Guid(00000000000000003000000000000000) Importer(815301076,1909f56bfc062723c751e8b465ee728b)  -> (artifact id: '5736c94a3217a5aad3ff3d7eb18324e8') in 0.046363 seconds 
========================================================================
Received Prepare
Registering precompiled user dll's ...
Registered in 0.005303 seconds.
Begin MonoManager ReloadAssembly
Native extension for WindowsStandalone target not found
Refreshing native plugins compatible for Editor in 1.00 ms, found 2 plugins.
Preloading 0 native plugins for Editor in 0.00 ms.
Mono: successfully reloaded assembly
- Completed reload, in  2.615 seconds
Platform modules already initialized, skipping
Refreshing native plugins compatible for Editor in 1.65 ms, found 2 plugins.
Preloading 0 native plugins for Editor in 0.00 ms.
Unloading 3363 Unused Serialized files (Serialized files now loaded: 0)
System memory in use before: 200.6 MB.
System memory in use after: 200.7 MB.

Unloading 18 unused Assets to reduce memory usage. Loaded Objects now: 3878.
Total: 4.843700 ms (FindLiveObjects: 0.534300 ms CreateObjectMapping: 0.265300 ms MarkObjects: 3.815900 ms  DeleteObjects: 0.225700 ms)

========================================================================
Received Prepare
Registering precompiled user dll's ...
Registered in 0.005377 seconds.
Begin MonoManager ReloadAssembly
Native extension for WindowsStandalone target not found
Refreshing native plugins compatible for Editor in 0.92 ms, found 2 plugins.
Preloading 0 native plugins for Editor in 0.00 ms.
Mono: successfully reloaded assembly
- Completed reload, in  2.836 seconds
Platform modules already initialized, skipping
Refreshing native plugins compatible for Editor in 1.58 ms, found 2 plugins.
Preloading 0 native plugins for Editor in 0.00 ms.
Unloading 3363 Unused Serialized files (Serialized files now loaded: 0)
System memory in use before: 200.6 MB.
System memory in use after: 200.7 MB.

Unloading 17 unused Assets to reduce memory usage. Loaded Objects now: 3882.
Total: 3.952600 ms (FindLiveObjects: 0.436200 ms CreateObjectMapping: 0.235000 ms MarkObjects: 3.100100 ms  DeleteObjects: 0.178200 ms)

========================================================================
Received Prepare
Registering precompiled user dll's ...
Registered in 0.005583 seconds.
Begin MonoManager ReloadAssembly
Native extension for WindowsStandalone target not found
Refreshing native plugins compatible for Editor in 0.94 ms, found 2 plugins.
Preloading 0 native plugins for Editor in 0.00 ms.
Mono: successfully reloaded assembly
- Completed reload, in  2.233 seconds
Platform modules already initialized, skipping
Refreshing native plugins compatible for Editor in 0.89 ms, found 2 plugins.
Preloading 0 native plugins for Editor in 0.00 ms.
Unloading 3363 Unused Serialized files (Serialized files now loaded: 0)
System memory in use before: 200.6 MB.
System memory in use after: 200.7 MB.

Unloading 17 unused Assets to reduce memory usage. Loaded Objects now: 3886.
Total: 7.381900 ms (FindLiveObjects: 0.742400 ms CreateObjectMapping: 0.495400 ms MarkObjects: 5.877700 ms  DeleteObjects: 0.262700 ms)

========================================================================
Received Prepare
Registering precompiled user dll's ...
Registered in 0.006284 seconds.
Begin MonoManager ReloadAssembly
Native extension for WindowsStandalone target not found
Refreshing native plugins compatible for Editor in 0.93 ms, found 2 plugins.
Preloading 0 native plugins for Editor in 0.00 ms.
Mono: successfully reloaded assembly
- Completed reload, in  2.614 seconds
Platform modules already initialized, skipping
Refreshing native plugins compatible for Editor in 1.60 ms, found 2 plugins.
Preloading 0 native plugins for Editor in 0.00 ms.
Unloading 3363 Unused Serialized files (Serialized files now loaded: 0)
System memory in use before: 200.6 MB.
System memory in use after: 200.7 MB.

Unloading 17 unused Assets to reduce memory usage. Loaded Objects now: 3890.
Total: 7.600100 ms (FindLiveObjects: 1.203300 ms CreateObjectMapping: 0.454100 ms MarkObjects: 5.622600 ms  DeleteObjects: 0.316900 ms)

========================================================================
Received Prepare
Registering precompiled user dll's ...
Registered in 0.007562 seconds.
Begin MonoManager ReloadAssembly
Native extension for WindowsStandalone target not found
Refreshing native plugins compatible for Editor in 0.96 ms, found 2 plugins.
Preloading 0 native plugins for Editor in 0.00 ms.
Mono: successfully reloaded assembly
- Completed reload, in  2.398 seconds
Platform modules already initialized, skipping
Refreshing native plugins compatible for Editor in 1.94 ms, found 2 plugins.
Preloading 0 native plugins for Editor in 0.00 ms.
Unloading 3363 Unused Serialized files (Serialized files now loaded: 0)
System memory in use before: 200.6 MB.
System memory in use after: 200.7 MB.

Unloading 17 unused Assets to reduce memory usage. Loaded Objects now: 3894.
Total: 6.532400 ms (FindLiveObjects: 0.583500 ms CreateObjectMapping: 0.325400 ms MarkObjects: 5.373100 ms  DeleteObjects: 0.247100 ms)

========================================================================
Received Prepare
Registering precompiled user dll's ...
Registered in 0.005246 seconds.
Begin MonoManager ReloadAssembly
Native extension for WindowsStandalone target not found
Refreshing native plugins compatible for Editor in 0.89 ms, found 2 plugins.
Preloading 0 native plugins for Editor in 0.00 ms.
Mono: successfully reloaded assembly
- Completed reload, in  2.183 seconds
Platform modules already initialized, skipping
Refreshing native plugins compatible for Editor in 1.59 ms, found 2 plugins.
Preloading 0 native plugins for Editor in 0.00 ms.
Unloading 3363 Unused Serialized files (Serialized files now loaded: 0)
System memory in use before: 200.6 MB.
System memory in use after: 200.7 MB.

Unloading 17 unused Assets to reduce memory usage. Loaded Objects now: 3898.
Total: 14.827100 ms (FindLiveObjects: 5.833100 ms CreateObjectMapping: 4.233600 ms MarkObjects: 4.468900 ms  DeleteObjects: 0.288000 ms)

========================================================================
Received Import Request.
  Time since last request: 1143.749104 seconds.
  path: Assets/Button.wav
  artifactKey: Guid(51f609ced4576a64eaec2763e2b648ba) Importer(815301076,1909f56bfc062723c751e8b465ee728b)
Start importing Assets/Button.wav using Guid(51f609ced4576a64eaec2763e2b648ba) Importer(815301076,1909f56bfc062723c751e8b465ee728b)  -> (artifact id: '43f0a5ce3326592eab4210bc7842fedf') in 0.699817 seconds 
========================================================================
Received Import Request.
  Time since last request: 19.694771 seconds.
  path: Assets/Audio
  artifactKey: Guid(5ad88dfe5dcf48846bb4463111141670) Importer(815301076,1909f56bfc062723c751e8b465ee728b)
Start importing Assets/Audio using Guid(5ad88dfe5dcf48846bb4463111141670) Importer(815301076,1909f56bfc062723c751e8b465ee728b)  -> (artifact id: 'a1aa6560b41d7d4884a2ee95888839fa') in 0.069683 seconds 
========================================================================
Received Import Request.
  Time since last request: 7.116968 seconds.
  path: Assets/Material
  artifactKey: Guid(6d821320523672b47a34d188a6ea9c92) Importer(815301076,1909f56bfc062723c751e8b465ee728b)
Start importing Assets/Material using Guid(6d821320523672b47a34d188a6ea9c92) Importer(815301076,1909f56bfc062723c751e8b465ee728b)  -> (artifact id: '6122fbde266fa254a5dc321310378a5a') in 0.010029 seconds 
========================================================================
Received Import Request.
  Time since last request: 41.818329 seconds.
  path: Assets/Script/TempControl.cs
  artifactKey: Guid(6604c0d16c9cb494db91cd437e50f5e5) Importer(815301076,1909f56bfc062723c751e8b465ee728b)
Start importing Assets/Script/TempControl.cs using Guid(6604c0d16c9cb494db91cd437e50f5e5) Importer(815301076,1909f56bfc062723c751e8b465ee728b)  -> (artifact id: 'ea15503e83e6d954b0a0ead2f3434245') in 0.002947 seconds 
========================================================================
Received Prepare
Registering precompiled user dll's ...
Registered in 0.007955 seconds.
Begin MonoManager ReloadAssembly
Native extension for WindowsStandalone target not found
Refreshing native plugins compatible for Editor in 0.86 ms, found 2 plugins.
Preloading 0 native plugins for Editor in 0.00 ms.
Mono: successfully reloaded assembly
- Completed reload, in  2.377 seconds
Platform modules already initialized, skipping
Refreshing native plugins compatible for Editor in 1.84 ms, found 2 plugins.
Preloading 0 native plugins for Editor in 0.00 ms.
Unloading 3363 Unused Serialized files (Serialized files now loaded: 0)
System memory in use before: 204.3 MB.
System memory in use after: 204.4 MB.

Unloading 17 unused Assets to reduce memory usage. Loaded Objects now: 3911.
Total: 6.529600 ms (FindLiveObjects: 0.628000 ms CreateObjectMapping: 0.349000 ms MarkObjects: 5.321700 ms  DeleteObjects: 0.227900 ms)

========================================================================
Received Prepare
Registering precompiled user dll's ...
Registered in 0.005320 seconds.
Begin MonoManager ReloadAssembly
Native extension for WindowsStandalone target not found
Refreshing native plugins compatible for Editor in 1.40 ms, found 2 plugins.
Preloading 0 native plugins for Editor in 0.00 ms.
Mono: successfully reloaded assembly
- Completed reload, in  2.525 seconds
Platform modules already initialized, skipping
Refreshing native plugins compatible for Editor in 2.85 ms, found 2 plugins.
Preloading 0 native plugins for Editor in 0.00 ms.
Unloading 3363 Unused Serialized files (Serialized files now loaded: 0)
System memory in use before: 204.3 MB.
System memory in use after: 204.4 MB.

Unloading 17 unused Assets to reduce memory usage. Loaded Objects now: 3915.
Total: 4.529500 ms (FindLiveObjects: 0.498700 ms CreateObjectMapping: 0.368000 ms MarkObjects: 3.501900 ms  DeleteObjects: 0.158200 ms)

========================================================================
Received Prepare
Registering precompiled user dll's ...
Registered in 0.012011 seconds.
Begin MonoManager ReloadAssembly
Native extension for WindowsStandalone target not found
Refreshing native plugins compatible for Editor in 1.97 ms, found 2 plugins.
Preloading 0 native plugins for Editor in 0.00 ms.
Mono: successfully reloaded assembly
- Completed reload, in  4.888 seconds
Platform modules already initialized, skipping
Refreshing native plugins compatible for Editor in 80.21 ms, found 2 plugins.
Preloading 0 native plugins for Editor in 0.00 ms.
Unloading 3363 Unused Serialized files (Serialized files now loaded: 0)
System memory in use before: 204.3 MB.
System memory in use after: 204.4 MB.

Unloading 17 unused Assets to reduce memory usage. Loaded Objects now: 3919.
Total: 9.313800 ms (FindLiveObjects: 0.749900 ms CreateObjectMapping: 0.513200 ms MarkObjects: 7.778300 ms  DeleteObjects: 0.268600 ms)

========================================================================
Received Prepare
Registering precompiled user dll's ...
Registered in 0.005650 seconds.
Begin MonoManager ReloadAssembly
Native extension for WindowsStandalone target not found
Refreshing native plugins compatible for Editor in 0.87 ms, found 2 plugins.
Preloading 0 native plugins for Editor in 0.00 ms.
Mono: successfully reloaded assembly
- Completed reload, in  2.020 seconds
Platform modules already initialized, skipping
Refreshing native plugins compatible for Editor in 2.09 ms, found 2 plugins.
Preloading 0 native plugins for Editor in 0.00 ms.
Unloading 3363 Unused Serialized files (Serialized files now loaded: 0)
System memory in use before: 204.3 MB.
System memory in use after: 204.4 MB.

Unloading 17 unused Assets to reduce memory usage. Loaded Objects now: 3923.
Total: 4.002500 ms (FindLiveObjects: 0.368700 ms CreateObjectMapping: 0.230200 ms MarkObjects: 3.248900 ms  DeleteObjects: 0.152400 ms)

========================================================================
Received Import Request.
  Time since last request: 1709.639943 seconds.
  path: Assets/Art/Logo
  artifactKey: Guid(ed2d36fc49b484d44a43a4346ef2ab7b) Importer(815301076,1909f56bfc062723c751e8b465ee728b)
Start importing Assets/Art/Logo using Guid(ed2d36fc49b484d44a43a4346ef2ab7b) Importer(815301076,1909f56bfc062723c751e8b465ee728b)  -> (artifact id: '7e097e0573aafd69a9760007cdc2e829') in 0.020890 seconds 
========================================================================
Received Import Request.
  Time since last request: 7.369277 seconds.
  path: Assets/Art/Logo/Back 1.png
  artifactKey: Guid(78b5e9ff562b4434a84ee1984c56eb9b) Importer(815301076,1909f56bfc062723c751e8b465ee728b)
Start importing Assets/Art/Logo/Back 1.png using Guid(78b5e9ff562b4434a84ee1984c56eb9b) Importer(815301076,1909f56bfc062723c751e8b465ee728b)  -> (artifact id: '71e9340dbc987348a789ebf28d45cdce') in 0.212506 seconds 
========================================================================
Received Import Request.
  Time since last request: 0.000448 seconds.
  path: Assets/Art/Logo/Back 2.png
  artifactKey: Guid(360525f28a49e284f97c1edd3bfd9f7a) Importer(815301076,1909f56bfc062723c751e8b465ee728b)
Start importing Assets/Art/Logo/Back 2.png using Guid(360525f28a49e284f97c1edd3bfd9f7a) Importer(815301076,1909f56bfc062723c751e8b465ee728b)  -> (artifact id: '1b4f8789298766b2f5acb75dd6406d74') in 0.029545 seconds 
========================================================================
Received Import Request.
  Time since last request: 0.000408 seconds.
  path: Assets/Art/Logo/Logo.png
  artifactKey: Guid(8f36f156b5a08dd479df314e35228147) Importer(815301076,1909f56bfc062723c751e8b465ee728b)
Start importing Assets/Art/Logo/Logo.png using Guid(8f36f156b5a08dd479df314e35228147) Importer(815301076,1909f56bfc062723c751e8b465ee728b)  -> (artifact id: 'ea843dbb0ff6031da637ff3f0acdf5d0') in 0.016483 seconds 
========================================================================
Received Import Request.
  Time since last request: 0.000807 seconds.
  path: Assets/Art/Logo/DK.png
  artifactKey: Guid(3fe0a23cde9d5a943b3c257ab85f3bf3) Importer(815301076,1909f56bfc062723c751e8b465ee728b)
Start importing Assets/Art/Logo/DK.png using Guid(3fe0a23cde9d5a943b3c257ab85f3bf3) Importer(815301076,1909f56bfc062723c751e8b465ee728b)  -> (artifact id: '01382962a020b0d5b7f470f664dcf68b') in 0.030237 seconds 
========================================================================
Received Import Request.
  Time since last request: 18.614968 seconds.
  path: Assets/TextMesh Pro/Sprites/EmojiOne.png
  artifactKey: Guid(dffef66376be4fa480fb02b19edbe903) Importer(815301076,1909f56bfc062723c751e8b465ee728b)
Start importing Assets/TextMesh Pro/Sprites/EmojiOne.png using Guid(dffef66376be4fa480fb02b19edbe903) Importer(815301076,1909f56bfc062723c751e8b465ee728b)  -> (artifact id: '5192dfa6ec2f5d61bb4aca02d99d49be') in 0.034600 seconds 
========================================================================
Received Import Request.
  Time since last request: 273.815757 seconds.
  path: Assets/Art/Logo/Back.png
  artifactKey: Guid(78b5e9ff562b4434a84ee1984c56eb9b) Importer(815301076,1909f56bfc062723c751e8b465ee728b)
Start importing Assets/Art/Logo/Back.png using Guid(78b5e9ff562b4434a84ee1984c56eb9b) Importer(815301076,1909f56bfc062723c751e8b465ee728b)  -> (artifact id: 'aa511861c9ae4823895f246cf88bd169') in 0.027006 seconds 
========================================================================
Received Import Request.
  Time since last request: 65.832808 seconds.
  path: Assets/Art/Logo/DK (1).png
  artifactKey: Guid(6a2332e88c950534ca123ffaea725a54) Importer(815301076,1909f56bfc062723c751e8b465ee728b)
Start importing Assets/Art/Logo/DK (1).png using Guid(6a2332e88c950534ca123ffaea725a54) Importer(815301076,1909f56bfc062723c751e8b465ee728b)  -> (artifact id: '5f9c1bc718cec2e8a6347d07f4cfd4c7') in 0.078975 seconds 
========================================================================
Received Import Request.
  Time since last request: 7.764658 seconds.
  path: Assets/Art/Logo/DK.png
  artifactKey: Guid(6a2332e88c950534ca123ffaea725a54) Importer(815301076,1909f56bfc062723c751e8b465ee728b)
Start importing Assets/Art/Logo/DK.png using Guid(6a2332e88c950534ca123ffaea725a54) Importer(815301076,1909f56bfc062723c751e8b465ee728b)  -> (artifact id: 'd1601394d04440027ba5ddb53f817425') in 0.018793 seconds 
========================================================================
Received Import Request.
  Time since last request: 195.623626 seconds.
  path: Assets/DK (2).png
  artifactKey: Guid(5ee4dcfb7bc042148b99c5ec520e8f3d) Importer(815301076,1909f56bfc062723c751e8b465ee728b)
Start importing Assets/DK (2).png using Guid(5ee4dcfb7bc042148b99c5ec520e8f3d) Importer(815301076,1909f56bfc062723c751e8b465ee728b)  -> (artifact id: 'b84675516028887cceb28299b3db17ef') in 0.032502 seconds 
========================================================================
Received Import Request.
  Time since last request: 19.465543 seconds.
  path: Assets/DK.png
  artifactKey: Guid(5ee4dcfb7bc042148b99c5ec520e8f3d) Importer(815301076,1909f56bfc062723c751e8b465ee728b)
Start importing Assets/DK.png using Guid(5ee4dcfb7bc042148b99c5ec520e8f3d) Importer(815301076,1909f56bfc062723c751e8b465ee728b)  -> (artifact id: '57d085a708a12f0b24fd0b475ecf2db5') in 0.019452 seconds 
========================================================================
Received Import Request.
  Time since last request: 103.533231 seconds.
  path: Assets/Script/TempControl.cs
  artifactKey: Guid(6604c0d16c9cb494db91cd437e50f5e5) Importer(815301076,1909f56bfc062723c751e8b465ee728b)
Start importing Assets/Script/TempControl.cs using Guid(6604c0d16c9cb494db91cd437e50f5e5) Importer(815301076,1909f56bfc062723c751e8b465ee728b)  -> (artifact id: 'f704ed7eecc8ff61c7430eddf7926473') in 0.002644 seconds 
========================================================================
Received Prepare
Registering precompiled user dll's ...
Registered in 0.007071 seconds.
Begin MonoManager ReloadAssembly
Native extension for WindowsStandalone target not found
Refreshing native plugins compatible for Editor in 1.90 ms, found 2 plugins.
Preloading 0 native plugins for Editor in 0.00 ms.
Mono: successfully reloaded assembly
- Completed reload, in  3.326 seconds
Platform modules already initialized, skipping
Refreshing native plugins compatible for Editor in 1.03 ms, found 2 plugins.
Preloading 0 native plugins for Editor in 0.00 ms.
Unloading 3367 Unused Serialized files (Serialized files now loaded: 0)
System memory in use before: 209.9 MB.
System memory in use after: 210.0 MB.

Unloading 17 unused Assets to reduce memory usage. Loaded Objects now: 4082.
Total: 4.939600 ms (FindLiveObjects: 0.395800 ms CreateObjectMapping: 0.237500 ms MarkObjects: 4.118200 ms  DeleteObjects: 0.185700 ms)

========================================================================
Received Prepare
Registering precompiled user dll's ...
Registered in 0.089521 seconds.
Begin MonoManager ReloadAssembly
Native extension for WindowsStandalone target not found
Refreshing native plugins compatible for Editor in 0.93 ms, found 2 plugins.
Preloading 0 native plugins for Editor in 0.00 ms.
Mono: successfully reloaded assembly
- Completed reload, in  3.136 seconds
Platform modules already initialized, skipping
Refreshing native plugins compatible for Editor in 1.35 ms, found 2 plugins.
Preloading 0 native plugins for Editor in 0.00 ms.
Unloading 3363 Unused Serialized files (Serialized files now loaded: 0)
System memory in use before: 209.7 MB.
System memory in use after: 209.8 MB.

Unloading 17 unused Assets to reduce memory usage. Loaded Objects now: 4086.
Total: 4.350700 ms (FindLiveObjects: 0.471800 ms CreateObjectMapping: 0.245100 ms MarkObjects: 3.466200 ms  DeleteObjects: 0.166000 ms)

========================================================================
Received Prepare
Refreshing native plugins compatible for Editor in 8.83 ms, found 2 plugins.
Preloading 0 native plugins for Editor in 0.00 ms.
Unloading 15 Unused Serialized files (Serialized files now loaded: 0)
System memory in use before: 143.4 MB.
System memory in use after: 143.5 MB.

Unloading 15 unused Assets to reduce memory usage. Loaded Objects now: 4086.
Total: 4.606100 ms (FindLiveObjects: 0.617000 ms CreateObjectMapping: 0.340400 ms MarkObjects: 3.480500 ms  DeleteObjects: 0.165700 ms)

AssetImportWorkerClient::OnTransportError - code=2 error=End of file
